{
  "stats": {
    "suites": 1,
    "tests": 1,
    "passes": 1,
    "pending": 0,
    "failures": 0,
    "start": "2020-02-01T02:08:03.885Z",
    "end": "2020-02-01T02:10:24.095Z",
    "duration": 140210,
    "testsRegistered": 1,
    "passPercent": 100,
    "pendingPercent": 0,
    "other": 0,
    "hasOther": false,
    "skipped": 0,
    "hasSkipped": false
  },
  "results": [
    {
      "uuid": "81bd8e3f-cec2-47d0-a9a4-22f033758c20",
      "title": "",
      "fullFile": "cypress/integration/examples/Task1.spec.js",
      "file": "cypress/integration/examples/Task1.spec.js",
      "beforeHooks": [],
      "afterHooks": [],
      "tests": [],
      "suites": [
        {
          "uuid": "30bd306b-4434-4a3d-811f-8f31df7a513d",
          "title": "MyTestSuite",
          "fullFile": "",
          "file": "",
          "beforeHooks": [],
          "afterHooks": [],
          "tests": [
            {
              "title": "verify login",
              "fullTitle": "MyTestSuite verify login",
              "timedOut": null,
              "duration": 133445,
              "state": "passed",
              "speed": "slow",
              "pass": true,
              "fail": false,
              "pending": false,
              "context": null,
              "code": "//classes and objects\nvar homePage = new _HomePage.default();\nvar signInPage = new _SignInPage.default();\nvar personalDetailsPage = new _PersonalDetailsPage.default(); //base url\ncy.visit(Cypress.env(\"baseurl\"));\ncy.viewport(1200, 660); //specifying viewport\n//homepage\nhomePage.getEnglishTitle();\nhomePage.getSearchJob().type(\"computer\");\nhomePage.getClickSearch();\ncy.wait(10000);\ncy.get(\".is-bottom-paddingless > :nth-child(1) > :nth-child(1) > .is-10 > .is-vcentered > .is-3 > .field > .mb-0 > .autoCompleteInput\").type(\"Kathmandu\").then(function () {\n  cy.get(\"div a.break-word\").click({\n    force: true\n  });\n});\ncy.wait(10000);\nhomePage.getSignIn(); //signin page\nsignInPage.getMobileNumber().type(this.data.mobileNumber);\nsignInPage.getPassword().type(this.data.password);\nsignInPage.getconfirm();\ncy.wait(10000); //personal page\npersonalDetailsPage.getPersonalInformation();\npersonalDetailsPage.getEdit();\npersonalDetailsPage.getFullName().type(this.data.fullName);\npersonalDetailsPage.getRadioDOB();\npersonalDetailsPage.getEnterDOB().type(\"1996-08-25\");\npersonalDetailsPage.getGender();\ncy.wait(5000);\npersonalDetailsPage.getMaritalStatus();\npersonalDetailsPage.getCountry().then(function () {\n  cy.get(\"div a.break-word\").click({\n    force: true\n  });\n});\npersonalDetailsPage.getReligion().then(function () {\n  cy.get(\"div a.break-word\").click({\n    force: true\n  });\n});\ncy.get(5000);\npersonalDetailsPage.getCurrentAddress().then(function () {\n  cy.get(\"div a.break-word\").click({\n    force: true\n  });\n});\ncy.wait(5000);\npersonalDetailsPage.getPermanentAddress().then(function () {\n  cy.get(\"div a.break-word\").click({\n    force: true\n  });\n});\npersonalDetailsPage.getSubmit();\ncy.wait(10000); //getting to job preference and edit\ncy.get(':nth-child(3) > a > .text-capitalize').scrollIntoView().click({\n  force: true\n});\ncy.get('.has-text-right > .button').click({\n  force: true\n}); //editing in job preference\npersonalDetailsPage.getJobLevel().type(\"Entry Level\").then(function () {\n  cy.get(\"div a.break-word\").click({\n    force: true\n  });\n});\npersonalDetailsPage.getJobTime();\npersonalDetailsPage.getJobCategory().type(\"Computer\").then(function () {\n  cy.get(\"div a.break-word\").click({\n    force: true\n  });\n});\npersonalDetailsPage.getAvailableFor().type(\"Full Time\").then(function () {\n  cy.get(\"div a.break-word\").click({\n    force: true\n  });\n});\npersonalDetailsPage.getSkills().type(\"js\").then(function () {\n  cy.get(\"div a.break-word\").click({\n    force: true\n  });\n});\npersonalDetailsPage.getPreferredLocation().type(\"Lalitpur\").then(function () {\n  cy.get(\"div a.break-word\").click({\n    force: true\n  });\n});\npersonalDetailsPage.getWorkingStatus().type(\"Actively Seeking Employment\").then(function () {\n  cy.get(\"div a.break-word\").click({\n    force: true\n  });\n});\npersonalDetailsPage.getExpectedSalary().type(\"20000\");\npersonalDetailsPage.getDescription().type(\"I am trying to persue my career as software developer\");\npersonalDetailsPage.getUpdate(); //getting Education\ncy.get(':nth-child(4) > a > .text-capitalize').click({\n  force: true\n});\ncy.get('.has-text-right > .button').click({\n  force: true\n}); //edting education\npersonalDetailsPage.getEducationDegree().type(\"Bachelor\").then(function () {\n  cy.get(\"div a.break-word\").click({\n    force: true\n  });\n});\npersonalDetailsPage.getEducationProgram().type(\"Computer Engineering\").then(function () {\n  cy.get(\"div a.break-word\").click({\n    force: true\n  });\n});\npersonalDetailsPage.getEducationBoard().type(\"TU\").then(function () {\n  cy.get(\"div a.break-word\").click({\n    multiple: true\n  });\n});\npersonalDetailsPage.getNameOfInstitute().type(\"Kantipur EC\").then(function () {\n  cy.get(\"div a.break-word\").click({\n    multiple: true\n  });\n});\npersonalDetailsPage.getGraduationYear().select(\"2019\");\npersonalDetailsPage.getGraduationMonth().select(\"August\");\npersonalDetailsPage.getMarksSecuredIn().select(\"Percentage\");\npersonalDetailsPage.getPercenatgeObtained().type(\"78\");\npersonalDetailsPage.getEducationSubmit(); //for logout\ncy.get(\"div.navbar-item.has-dropdown.is-hoverable\").trigger(\"mouseover\");\ncy.get(\"#__layout > div > nav > div > div.navbar-menu > div.navbar-end > div.navbar-item.has-dropdown.is-hoverable > div.navbar-dropdown.is-right > a\").click({\n  force: true\n}).then(function (element) {\n  cy.get('div.snackbar.notification.is-success').then(function (element) {\n    var msg = element.text();\n    expect(msg.includes(\"Success\")).to.be.true;\n  });\n});",
              "err": {},
              "uuid": "90d6bd61-d736-4316-8f25-59a2418391e7",
              "parentUUID": "30bd306b-4434-4a3d-811f-8f31df7a513d",
              "isHook": false,
              "skipped": false
            }
          ],
          "suites": [],
          "passes": [
            "90d6bd61-d736-4316-8f25-59a2418391e7"
          ],
          "failures": [],
          "pending": [],
          "skipped": [],
          "duration": 133445,
          "root": false,
          "rootEmpty": false,
          "_timeout": 2000
        }
      ],
      "passes": [],
      "failures": [],
      "pending": [],
      "skipped": [],
      "duration": 0,
      "root": true,
      "rootEmpty": true,
      "_timeout": 2000
    }
  ],
  "meta": {
    "mocha": {
      "version": "5.2.0"
    },
    "mochawesome": {
      "options": {
        "quiet": false,
        "reportFilename": "mochawesome",
        "saveHtml": true,
        "saveJson": true,
        "consoleReporter": "spec",
        "useInlineDiffs": false
      },
      "version": "4.1.0"
    },
    "marge": {
      "options": {},
      "version": "4.1.0"
    }
  }
}